 -0.00000000000000,  0.91854504109144
 -0.00000000000000,  0.00000000000000
 -0.00000000000000, -0.00000000000000
  0.00000000000000,  0.00000000000000
 -0.00000000000000,  0.00000000000000
  0.00000000000000,  0.00000000000000
  0.00000000000000, -0.00000000000000
  0.00000000000000, -0.00000000000000
  0.00000000000000,  0.00000000000000
 -0.00000000000000,  0.96656092751047
 -0.00000000000000,  0.00000000000000
 -0.00000000000189, -0.00000000000000
  0.00000000000000,  0.00000000000000
 -0.00000000000000, -0.00000000000000
 -0.00000000000000,  0.00000000000000
 -0.00000000000000,  0.05793602625040
 -0.00000000000000, -0.00000000000000
  0.00000000000000, -0.00000000000000
 -0.00000000000000,  0.96656092751047
 -0.00000000000000,  0.00000000000133
 -0.00000000000000, -0.00000000000000
  0.00000000000000,  0.00000000000133
  0.00000000000000, -0.03547842550949
 -0.00000000000000, -0.00000000000000
  0.00000000000000, -0.02896801312520
 -0.00000000000000,  0.00000000000000
  0.00000000000000, -0.03547842550949
 -0.00000000000000,  0.99016214777808
 -0.00000000000000,  0.00000000000159
 -0.00000000000225, -0.00000000000000
  0.00000000000000,  0.00000000000159
  0.00000000000000, -0.02759958491710
  0.00989013055693,  0.00000000000000
 -0.00000000000000,  0.02253496671983
  0.00989013055693,  0.00000000000000
  0.00000000000000, -0.02759958491710
 -0.00000000000000,  0.96656092751047
 -0.00000000000133,  0.00000000000000
 -0.00000000000000, -0.00000000000000
  0.00000000000133,  0.00000000000000
 -0.00000000000000,  0.03547842550949
 -0.00000000000000,  0.00000000000000
  0.00000000000000, -0.02896801312520
 -0.00000000000000, -0.00000000000000
  0.00000000000000,  0.03547842550949
 -0.00000000000000,  0.99016214777808
 -0.00000000000159,  0.00000000000000
 -0.00000000000225, -0.00000000000000
  0.00000000000159,  0.00000000000000
 -0.00000000000000,  0.02759958491710
 -0.00000000000000,  0.00989018170978
 -0.00000000000000,  0.02253496671983
 -0.00000000000000, -0.00989018170978
  0.00000000000000,  0.02759958491710
 -0.00000000000000,  0.99016214777808
 -0.00000000000159,  0.00000000000159
 -0.00000000000000, -0.00000000000000
  0.00000000000159,  0.00000000000159
  0.00989013055693, -0.00000000000000
 -0.00000000000000, -0.00000000000000
  0.00000000000000, -0.04506993343967
 -0.00000000000000,  0.00000000000000
 -0.00989013055693, -0.00000000000000
 -0.00000000000000,  1.00530348992324
 -0.00000000000182,  0.00000000000182
 -0.00000000000257, -0.00000000000000
  0.00000000000182,  0.00000000000182
  0.00753011974235, -0.00000000000000
  0.00753011974235,  0.00753017089194
  0.00000000000000, -0.00000000000000
  0.00753011974235, -0.00753017089194
 -0.00753011974235, -0.00000000000000
 -0.00000000000000,  0.91854504109144
 -0.00000000000000,  0.00000000000000
 -0.00000000000000, -0.00000000000000
  0.00000000000000,  0.00000000000000
 -0.00000000000000,  0.00000000000000
  0.00000000000000,  0.00000000000000
  0.00000000000000, -0.00000000000000
  0.00000000000000, -0.00000000000000
  0.00000000000000,  0.00000000000000
 -0.00000000000000,  0.98390629776357
 -0.00000000000000,  0.00000000000000
 -0.00000000000000, -0.00000000000000
  0.00000000000000,  0.00000000000000
 -0.00000000000000,  0.00000000000000
 -0.00000000000000, -0.00000000000000
 -0.00000000000000,  0.08048555387134
 -0.00000000000000,  0.00000000000000
  0.00000000000000,  0.00000000000000
 -0.00000000000000,  0.98390629776357
 -0.00000000000000,  0.00000000000000
 -0.00000000000000, -0.00000000000000
  0.00000000000000,  0.00000000000000
  0.00000000000000, -0.04928713466252
 -0.00000000000000, -0.00000000000000
  0.00000000000000, -0.04024277693567
 -0.00000000000000,  0.00000000000000
  0.00000000000000, -0.04928713466252
 -0.00000000000000,  1.01357927694251
 -0.00000000000000, -0.00000000000000
 -0.00000000000000, -0.00000000000000
  0.00000000000000, -0.00000000000000
  0.00000000000000, -0.03766299233878
  0.00621245787131, -0.00000000000000
 -0.00000000000000,  0.03075170447212
  0.00621245787131,  0.00000000000000
  0.00000000000000, -0.03766299233878
 -0.00000000000000,  0.98390629776357
 -0.00000000000000,  0.00000000000000
 -0.00000000000000, -0.00000000000000
  0.00000000000000,  0.00000000000000
 -0.00000000000000,  0.04928713466251
  0.00000000000000, -0.00000000000000
  0.00000000000000, -0.04024277693567
  0.00000000000000,  0.00000000000000
  0.00000000000000,  0.04928713466251
 -0.00000000000000,  1.01357927694251
  0.00000000000000,  0.00000000000000
 -0.00000000000000, -0.00000000000000
 -0.00000000000000,  0.00000000000000
 -0.00000000000000,  0.03766299233878
  0.00000000000000,  0.00621876603831
 -0.00000000000000,  0.03075170447212
  0.00000000000000, -0.00621876603831
  0.00000000000000,  0.03766299233878
 -0.00000000000000,  1.01357927694251
 -0.00000000000000, -0.00000000000000
  0.00000000000000,  0.00000000000000
  0.00000000000000, -0.00000000000000
  0.00621245787131, -0.00000000000000
 -0.00000000000000, -0.00000000000000
  0.00000000000000, -0.06150340894423
 -0.00000000000000,  0.00000000000000
 -0.00621245787131, -0.00000000000000
 -0.00000000000000,  1.03181345061460
 -0.00000000000000,  0.00000000000000
 -0.00000000000000, -0.00000000000000
  0.00000000000000,  0.00000000000000
  0.00473730041096,  0.00000000000000
  0.00473730041096,  0.00474360824905
  0.00000000000000, -0.00000000000000
  0.00473730041096, -0.00474360824905
 -0.00473730041096,  0.00000000000000
 -0.57994195144437,  0.00000000000000
  0.00000000000000, -0.00000000000000
  0.00000000000000,  0.00000000000000
 -0.00000000000000, -0.00000000000000
 -0.00000000000000,  0.00000000000000
  0.00000000000000, -0.00000000000000
 -0.00000000000000,  0.00000000000000
 -0.00000000000000, -0.00000000000000
 -0.00000000000000, -0.00000000000000
 -2.06390279155766,  0.00000000000000
  0.00000000000000, -0.00000000000000
  0.00000000000000,  0.00000000000000
 -0.00000000000000, -0.00000000000000
 -0.00000000000000,  0.00000000000000
  0.00000000000000,  0.00000000000000
 -1.36701378014210,  0.00000000000000
 -0.00000000000000,  0.00000000000000
 -0.00000000000000, -0.00000000000000
 -2.06390279155766,  0.00000000000000
 -0.00000000000000, -0.00000000000000
 -0.00000000000000,  0.00000000000000
  0.00000000000000, -0.00000000000000
  0.83712155817533, -0.00000000000000
  0.00000000000000, -0.00000000000000
  0.68350689007105,  0.00000000000000
 -0.00000000000000, -0.00000000000000
  0.83712155817533,  0.00000000000000
  5.88059074541121,  0.00000000000000
  0.00000000000000,  0.00000000000000
  0.00000000000000,  0.00000000000000
 -0.00000000000000,  0.00000000000000
 -2.03910227716480, -0.00000000000000
  0.00000000000000, -3.18888671214677
  1.66492003746700,  0.00000000000000
 -0.00000000000000, -3.18888671214677
 -2.03910227716480,  0.00000000000000
 -2.06390279155766,  0.00000000000000
  0.00000000000000,  0.00000000000000
 -0.00000000000000,  0.00000000000000
 -0.00000000000000,  0.00000000000000
 -0.83712155817533, -0.00000000000000
  0.00000000000000,  0.00000000000000
  0.68350689007105,  0.00000000000000
 -0.00000000000000,  0.00000000000000
 -0.83712155817533,  0.00000000000000
  5.88059074541121,  0.00000000000000
  0.00000000000000, -0.00000000000000
  0.00000000000000,  0.00000000000000
 -0.00000000000000, -0.00000000000000
  2.03910227716480,  0.00000000000000
  3.18889156766522,  0.00000000000000
  1.66492003746700,  0.00000000000000
 -3.18889156766522,  0.00000000000000
  2.03910227716480, -0.00000000000000
  5.88059074541121,  0.00000000000000
  0.00000000000000, -0.00000000000000
  0.00000000000000,  0.00000000000000
 -0.00000000000000, -0.00000000000000
 -0.00000000000000, -3.18888671214677
 -0.00000000000000, -0.00000000000000
 -3.32984007493399,  0.00000000000000
  0.00000000000000, -0.00000000000000
 -0.00000000000000,  3.18888671214677
  1.15975955184319,  0.00000000000000
  0.00000000000000, -0.00000000000000
  0.00000000000000,  0.00000000000000
 -0.00000000000000, -0.00000000000000
  0.00000000000000, -0.37368590947472
  0.37369076472358, -0.37368590947472
  0.00000000000000,  0.00000000000000
 -0.37369076472358, -0.37368590947472
  0.00000000000000,  0.37368590947472
 -0.57994195144437,  0.00000000000000
  0.00000000000000, -0.00000000000000
  0.00000000000000,  0.00000000000000
 -0.00000000000000, -0.00000000000000
 -0.00000000000000,  0.00000000000000
  0.00000000000000, -0.00000000000000
 -0.00000000000000,  0.00000000000000
 -0.00000000000000, -0.00000000000000
 -0.00000000000000, -0.00000000000000
 -3.01301250600209,  0.00000000000000
  0.00000000000000, -0.00000000000000
  0.00000000000000,  0.00000000000000
 -0.00000000000000, -0.00000000000000
 -0.00000000000000,  0.00000000000000
 -0.00000000000000, -0.00000000000000
 -2.29411707517970,  0.00000000000000
  0.00000000000000, -0.00000000000000
 -0.00000000000000, -0.00000000000000
 -3.01301250600209,  0.00000000000000
 -0.00000000000000, -0.00000000000000
 -0.00000000000000,  0.00000000000000
  0.00000000000000, -0.00000000000000
  1.40485406109910, -0.00000000000000
 -0.00000000000000, -0.00000000000000
  1.14705853758985,  0.00000000000000
  0.00000000000000, -0.00000000000000
  1.40485406109910,  0.00000000000000
  1.45742887655140,  0.00000000000000
  0.00000000000000,  0.00000000000000
  0.00000000000000,  0.00000000000000
 -0.00000000000000,  0.00000000000000
 -0.69577261025047,  0.00000000000000
 -0.00000000000000, -0.34431101694080
  0.56809595737267,  0.00000000000000
  0.00000000000000, -0.34431101694080
 -0.69577261025047, -0.00000000000000
 -3.01301250600209,  0.00000000000000
  0.00000000000000,  0.00000000000000
 -0.00000000000000,  0.00000000000000
 -0.00000000000000,  0.00000000000000
 -1.40485406109910, -0.00000000000000
  0.00000000000000, -0.00000000000000
  1.14705853758985,  0.00000000000000
 -0.00000000000000, -0.00000000000000
 -1.40485406109910,  0.00000000000000
  1.45742887655140,  0.00000000000000
 -0.00000000000000, -0.00000000000000
  0.00000000000000,  0.00000000000000
  0.00000000000000, -0.00000000000000
  0.69577261025047,  0.00000000000000
  0.34432214827015,  0.00000000000000
  0.56809595737267,  0.00000000000000
 -0.34432214827015,  0.00000000000000
  0.69577261025047, -0.00000000000000
  1.45742887655140,  0.00000000000000
 -0.00000000000000, -0.00000000000000
  0.00000000000000,  0.00000000000000
  0.00000000000000, -0.00000000000000
 -0.00000000000000, -0.34431101694080
 -0.00000000000000, -0.00000000000000
 -1.13619191474534,  0.00000000000000
  0.00000000000000, -0.00000000000000
 -0.00000000000000,  0.34431101694080
  0.55850315771069,  0.00000000000000
  0.00000000000000,  0.00000000000000
  0.00000000000000,  0.00000000000000
 -0.00000000000000,  0.00000000000000
  0.00000000000000, -0.08160079455691
  0.08161192527969, -0.08160079455691
  0.00000000000000,  0.00000000000000
 -0.08161192527969, -0.08160079455691
  0.00000000000000,  0.08160079455691
  3.02154412665388,  0.00000000000000
  0.00000000000000, -0.00000000000000
  0.00000000000000,  0.00000000000000
 -0.00000000000000, -0.00000000000000
 -0.00000000000000,  0.00000000000000
  0.00000000000000,  0.00000000000000
 -0.00000000000000,  0.00000000000000
 -0.00000000000000,  0.00000000000000
 -0.00000000000000, -0.00000000000000
  0.82410432378935,  0.00000000000000
  0.00000000000000, -0.00000000000000
 -0.00000000000000,  0.00000000000000
 -0.00000000000000, -0.00000000000000
 -0.00000000000000,  0.00000000000000
 -0.00000000000000, -0.00000000000000
 -0.32111389135928,  0.00000000000000
  0.00000000000000, -0.00000000000000
 -0.00000000000000, -0.00000000000000
  0.82410432378935,  0.00000000000000
  0.00000000000000, -0.00000000000000
  0.00000000000000,  0.00000000000000
 -0.00000000000000, -0.00000000000000
  0.19664129578744,  0.00000000000000
  0.00000000000000, -0.00000000000000
  0.16055694567964,  0.00000000000000
 -0.00000000000000, -0.00000000000000
  0.19664129578744, -0.00000000000000
 -0.06728005494971,  0.00000000000000
 -0.00000000000000, -0.00000000000000
  0.00000000000000,  0.00000000000000
  0.00000000000000, -0.00000000000000
  0.25582500008133,  0.00000000000000
  0.00000000000000, -0.06016140504303
 -0.20888023788224,  0.00000000000000
 -0.00000000000000, -0.06016140504303
  0.25582500008133, -0.00000000000000
  0.82410432378935,  0.00000000000000
 -0.00000000000000, -0.00000000000000
 -0.00000000000000,  0.00000000000000
  0.00000000000000, -0.00000000000000
 -0.19664129578744,  0.00000000000000
 -0.00000000000000, -0.00000000000000
  0.16055694567964,  0.00000000000000
  0.00000000000000, -0.00000000000000
 -0.19664129578744, -0.00000000000000
 -0.06728005494971,  0.00000000000000
 -0.00000000000000,  0.00000000000000
  0.00000000000000,  0.00000000000000
  0.00000000000000,  0.00000000000000
 -0.25582500008133, -0.00000000000000
  0.06016445837586, -0.00000000000000
 -0.20888023788224,  0.00000000000000
 -0.06016445837586, -0.00000000000000
 -0.25582500008133,  0.00000000000000
 -0.06728005494971,  0.00000000000000
 -0.00000000000000, -0.00000000000000
 -0.00000000000000,  0.00000000000000
  0.00000000000000, -0.00000000000000
  0.00000000000000, -0.06016140504303
 -0.00000000000000,  0.00000000000000
  0.41776047576448,  0.00000000000000
  0.00000000000000,  0.00000000000000
  0.00000000000000,  0.06016140504303
 -1.88063604545178,  0.00000000000000
  0.00000000000000, -0.00000000000000
 -0.00000000000000,  0.00000000000000
 -0.00000000000000, -0.00000000000000
 -0.00000000000000, -0.16105803850854
  0.16106109167477, -0.16105803850854
  0.00000000000000,  0.00000000000000
 -0.16106109167477, -0.16105803850854
 -0.00000000000000,  0.16105803850854
  3.02154412665388,  0.00000000000000
  0.00000000000000, -0.00000000000000
  0.00000000000000,  0.00000000000000
 -0.00000000000000, -0.00000000000000
 -0.00000000000000,  0.00000000000000
  0.00000000000000,  0.00000000000000
 -0.00000000000000,  0.00000000000000
 -0.00000000000000,  0.00000000000000
 -0.00000000000000, -0.00000000000000
  0.76626218273557,  0.00000000000000
  0.00000000000000, -0.00000000000000
 -0.00000000000000,  0.00000000000000
 -0.00000000000000, -0.00000000000000
  0.00000000000000,  0.00000000000000
 -0.00000000000000, -0.00000000000000
 -0.31950564023615,  0.00000000000000
  0.00000000000000, -0.00000000000000
  0.00000000000000, -0.00000000000000
  0.76626218273557,  0.00000000000000
  0.00000000000000,  0.00000000000000
  0.00000000000000,  0.00000000000000
 -0.00000000000000,  0.00000000000000
  0.19565644712995, -0.00000000000000
 -0.00000000000000,  0.00000000000000
  0.15975282011807,  0.00000000000000
  0.00000000000000,  0.00000000000000
  0.19565644712995,  0.00000000000000
 -0.17263314390298,  0.00000000000000
 -0.00000000000000,  0.00000000000000
  0.00000000000000,  0.00000000000000
  0.00000000000000,  0.00000000000000
  0.27074834442990,  0.00000000000000
  0.00000000000000, -0.03422455471053
 -0.22106509751885,  0.00000000000000
 -0.00000000000000, -0.03422455471053
  0.27074834442990, -0.00000000000000
  0.76626218273557,  0.00000000000000
 -0.00000000000000,  0.00000000000000
  0.00000000000000,  0.00000000000000
  0.00000000000000,  0.00000000000000
 -0.19565644712995,  0.00000000000000
 -0.00000000000000,  0.00000000000000
  0.15975282011807,  0.00000000000000
  0.00000000000000,  0.00000000000000
 -0.19565644712995, -0.00000000000000
 -0.17263314390298,  0.00000000000000
  0.00000000000000,  0.00000000000000
  0.00000000000000,  0.00000000000000
 -0.00000000000000,  0.00000000000000
 -0.27074834442990, -0.00000000000000
  0.03422817329615, -0.00000000000000
 -0.22106509751885,  0.00000000000000
 -0.03422817329615, -0.00000000000000
 -0.27074834442990,  0.00000000000000
 -0.17263314390298,  0.00000000000000
 -0.00000000000000, -0.00000000000000
 -0.00000000000000,  0.00000000000000
  0.00000000000000, -0.00000000000000
 -0.00000000000000, -0.03422455471053
 -0.00000000000000,  0.00000000000000
  0.44213019503771,  0.00000000000000
  0.00000000000000,  0.00000000000000
 -0.00000000000000,  0.03422455471053
 -2.34689008658553,  0.00000000000000
 -0.00000000000000, -0.00000000000000
  0.00000000000000,  0.00000000000000
  0.00000000000000, -0.00000000000000
  0.00000000000000, -0.12939174677333
  0.12939536515113, -0.12939174677333
  0.00000000000000,  0.00000000000000
 -0.12939536515113, -0.12939174677333
  0.00000000000000,  0.12939174677333
 -0.55792533571504,  0.00000000000000
 -0.00000000000000,  0.00000000000000
 -0.00000000000000,  0.00000000000000
  0.00000000000000,  0.00000000000000
 -0.00000000000000, -0.00000000000000
 -0.00000000000000,  0.00000000000000
  0.00000000000000,  0.00000000000000
  0.00000000000000,  0.00000000000000
 -0.00000000000000,  0.00000000000000
 -4.23439515208785,  0.00000000000000
 -0.00000000000000,  0.00000000000000
 -0.00000000000000,  0.00000000000000
  0.00000000000000,  0.00000000000000
 -0.00000000000000, -0.00000000000000
  0.00000000000000,  0.00000000000000
  0.99011578524534,  0.00000000000000
 -0.00000000000000,  0.00000000000000
 -0.00000000000000,  0.00000000000000
 -4.23439515208785,  0.00000000000000
 -0.00000000000000,  0.00000000000000
 -0.00000000000000,  0.00000000000000
  0.00000000000000,  0.00000000000000
 -0.60631961503155,  0.00000000000000
 -0.00000000000000,  0.00000000000000
 -0.49505789262267,  0.00000000000000
  0.00000000000000,  0.00000000000000
 -0.60631961503155, -0.00000000000000
  2.22557368262404,  0.00000000000000
 -0.00000000000000, -0.00000000000000
 -0.00000000000000,  0.00000000000000
  0.00000000000000, -0.00000000000000
  0.76090064913633,  0.00000000000000
  0.00000000000000, -0.15297922287030
 -0.62127277844550,  0.00000000000000
 -0.00000000000000, -0.15297922287030
  0.76090064913633, -0.00000000000000
 -4.23439515208785,  0.00000000000000
 -0.00000000000000,  0.00000000000000
 -0.00000000000000,  0.00000000000000
  0.00000000000000,  0.00000000000000
  0.60631961503155, -0.00000000000000
  0.00000000000000,  0.00000000000000
 -0.49505789262267,  0.00000000000000
 -0.00000000000000,  0.00000000000000
  0.60631961503155,  0.00000000000000
  2.22557368262404,  0.00000000000000
 -0.00000000000000, -0.00000000000000
  0.00000000000000,  0.00000000000000
  0.00000000000000, -0.00000000000000
 -0.76090064913633, -0.00000000000000
  0.15298212348446, -0.00000000000000
 -0.62127277844550,  0.00000000000000
 -0.15298212348446, -0.00000000000000
 -0.76090064913633,  0.00000000000000
  2.22557368262403,  0.00000000000000
  0.00000000000000,  0.00000000000000
 -0.00000000000000,  0.00000000000000
 -0.00000000000000,  0.00000000000000
  0.00000000000000, -0.15297922287030
  0.00000000000000,  0.00000000000000
  1.24254555689100,  0.00000000000000
 -0.00000000000000,  0.00000000000000
  0.00000000000000,  0.15297922287030
 -0.30325498991889,  0.00000000000000
 -0.00000000000000, -0.00000000000000
  0.00000000000000,  0.00000000000000
  0.00000000000000, -0.00000000000000
  0.00000000000000, -0.04007536427100
  0.04007826472516, -0.04007536427100
 -0.00000000000000,  0.00000000000000
 -0.04007826472516, -0.04007536427100
  0.00000000000000,  0.04007536427100
 -0.55792533571504,  0.00000000000000
 -0.00000000000000,  0.00000000000000
 -0.00000000000000,  0.00000000000000
  0.00000000000000,  0.00000000000000
 -0.00000000000000, -0.00000000000000
 -0.00000000000000,  0.00000000000000
  0.00000000000000,  0.00000000000000
  0.00000000000000,  0.00000000000000
 -0.00000000000000,  0.00000000000000
 -5.28813741916577,  0.00000000000000
 -0.00000000000000,  0.00000000000000
  0.00000000000000,  0.00000000000000
  0.00000000000000,  0.00000000000000
  0.00000000000000, -0.00000000000000
 -0.00000000000000, -0.00000000000000
  1.13014487022001,  0.00000000000000
  0.00000000000000, -0.00000000000000
  0.00000000000000,  0.00000000000000
 -5.28813741916577,  0.00000000000000
 -0.00000000000000, -0.00000000000000
 -0.00000000000000,  0.00000000000000
  0.00000000000000, -0.00000000000000
 -0.69206956686573, -0.00000000000000
  0.00000000000000,  0.00000000000000
 -0.56507243511000,  0.00000000000000
 -0.00000000000000,  0.00000000000000
 -0.69206956686573,  0.00000000000000
  1.74088046790363,  0.00000000000000
 -0.00000000000000,  0.00000000000000
  0.00000000000000,  0.00000000000000
  0.00000000000000,  0.00000000000000
  0.60529775092186,  0.00000000000000
 -0.00000000000000, -0.06637824427237
 -0.49422354407094,  0.00000000000000
  0.00000000000000, -0.06637824427237
  0.60529775092186, -0.00000000000000
 -5.28813741916577,  0.00000000000000
  0.00000000000000, -0.00000000000000
 -0.00000000000000,  0.00000000000000
 -0.00000000000000, -0.00000000000000
  0.69206956686574, -0.00000000000000
 -0.00000000000000,  0.00000000000000
 -0.56507243511000,  0.00000000000000
  0.00000000000000,  0.00000000000000
  0.69206956686574,  0.00000000000000
  1.74088046790363,  0.00000000000000
  0.00000000000000,  0.00000000000000
  0.00000000000000,  0.00000000000000
 -0.00000000000000,  0.00000000000000
 -0.60529775092186,  0.00000000000000
  0.06638116907366, -0.00000000000000
 -0.49422354407094,  0.00000000000000
 -0.06638116907366, -0.00000000000000
 -0.60529775092186, -0.00000000000000
  1.74088046790363,  0.00000000000000
  0.00000000000000, -0.00000000000000
 -0.00000000000000,  0.00000000000000
 -0.00000000000000, -0.00000000000000
 -0.00000000000000, -0.06637824427237
  0.00000000000000,  0.00000000000000
  0.98844708814188,  0.00000000000000
 -0.00000000000000,  0.00000000000000
 -0.00000000000000,  0.06637824427237
 -0.43641461574986,  0.00000000000000
 -0.00000000000000,  0.00000000000000
  0.00000000000000,  0.00000000000000
  0.00000000000000,  0.00000000000000
  0.00000000000000, -0.02384166317168
  0.02384458779876, -0.02384166317168
  0.00000000000000,  0.00000000000000
 -0.02384458779876, -0.02384166317168
  0.00000000000000,  0.02384166317168
 -0.00000000000000,  0.91854504109144
 -0.00000000000000,  0.00000000000000
 -0.00000000000000, -0.00000000000000
  0.00000000000000,  0.00000000000000
 -0.00000000000000,  0.00000000000000
  0.00000000000000,  0.00000000000000
  0.00000000000000, -0.00000000000000
  0.00000000000000, -0.00000000000000
  0.00000000000000,  0.00000000000000
 -0.00000000000000,  0.96794550723889
 -0.00000000000000,  0.00000000000000
 -0.01296267860399, -0.00000000000000
  0.00000000000000,  0.00000000000000
 -0.00000000000000, -0.00000000000000
 -0.00000000000000,  0.00000000000000
 -0.00000000000000,  0.06002486604690
 -0.00000000000000, -0.00000000000000
  0.00000000000000, -0.00000000000000
 -0.00000000000000,  0.96794550723889
 -0.00000000000000,  0.00916599794323
  0.00000000000000,  0.00000000000000
  0.00000000000000,  0.00916599794323
  0.00000000000000, -0.03675757342346
  0.00000000000000,  0.00000000000000
  0.00000000000000, -0.03001243302345
  0.00000000000000, -0.00000000000000
  0.00000000000000, -0.03675757342346
 -0.00000000000000,  0.99281652907967
 -0.00000000000000,  0.00725585442822
 -0.01026132773900, -0.00000000000000
  0.00000000000000,  0.00725585442822
 -0.00000000000000, -0.02880742677378
  0.00921943598087,  0.00000000000000
 -0.00000000000000,  0.02352116546612
  0.00921943598087,  0.00000000000000
  0.00000000000000, -0.02880742677378
 -0.00000000000000,  0.96794550723889
 -0.00916599794323,  0.00000000000000
  0.00000000000000,  0.00000000000000
  0.00916599794323,  0.00000000000000
 -0.00000000000000,  0.03675757342346
 -0.00000000000000,  0.00000000000000
  0.00000000000000, -0.03001243302345
 -0.00000000000000, -0.00000000000000
  0.00000000000000,  0.03675757342346
 -0.00000000000000,  0.99281652907967
 -0.00725585442822, -0.00000000000000
 -0.01026132773900, -0.00000000000000
  0.00725585442822,  0.00000000000000
 -0.00000000000000,  0.02880742677378
 -0.00000000000000,  0.00922005039623
 -0.00000000000000,  0.02352116546612
 -0.00000000000000, -0.00922005039623
  0.00000000000000,  0.02880742677378
 -0.00000000000000,  0.99281652907967
 -0.00725585442822,  0.00725585442822
  0.00000000000000,  0.00000000000000
  0.00725585442822,  0.00725585442822
  0.00921943598087, -0.00000000000000
  0.00000000000000, -0.00000000000000
  0.00000000000000, -0.04704233093223
  0.00000000000000,  0.00000000000000
 -0.00921943598087, -0.00000000000000
 -0.00000000000000,  1.00880183700644
 -0.00615468665693,  0.00615468665693
 -0.00870404134238, -0.00000000000000
  0.00615468665693,  0.00615468665693
  0.00714091292927, -0.00000000000000
  0.00714091292927,  0.00714152730918
 -0.00000000000000,  0.00000000000000
  0.00714091292927, -0.00714152730918
 -0.00714091292927, -0.00000000000000
 -0.00000000000000,  0.91854504109144
 -0.00000000000000,  0.00000000000000
 -0.00000000000000, -0.00000000000000
  0.00000000000000,  0.00000000000000
 -0.00000000000000,  0.00000000000000
  0.00000000000000,  0.00000000000000
  0.00000000000000, -0.00000000000000
  0.00000000000000, -0.00000000000000
  0.00000000000000,  0.00000000000000
 -0.00000000000000,  0.98123784670907
 -0.00000000000000,  0.00000000000000
 -0.01694289944926, -0.00000000000000
  0.00000000000000,  0.00000000000000
 -0.00000000000000, -0.00000000000000
  0.00000000000000, -0.00000000000000
 -0.00000000000000,  0.07757532385210
  0.00000000000000,  0.00000000000000
  0.00000000000000, -0.00000000000000
 -0.00000000000000,  0.98123784670907
 -0.00000000000000,  0.01198043909353
  0.00000000000000,  0.00000000000000
  0.00000000000000,  0.01198043909353
 -0.00000000000000, -0.04750499001720
  0.00000000000000, -0.00000000000000
  0.00000000000000, -0.03878766192605
  0.00000000000000,  0.00000000000000
  0.00000000000000, -0.04750499001720
 -0.00000000000000,  1.01115931527549
 -0.00000000000000,  0.00818076577211
 -0.01156934990551, -0.00000000000000
  0.00000000000000,  0.00818076577211
  0.00000000000000, -0.03681271728300
  0.00577066809799,  0.00000000000000
 -0.00000000000000,  0.03005745779623
  0.00577066809799, -0.00000000000000
 -0.00000000000000, -0.03681271728300
 -0.00000000000000,  0.98123784670907
 -0.01198043909353, -0.00000000000000
 -0.00000000000000, -0.00000000000000
  0.01198043909353,  0.00000000000000
 -0.00000000000000,  0.04750499001720
  0.00000000000000,  0.00000000000000
  0.00000000000000, -0.03878766192605
  0.00000000000000, -0.00000000000000
  0.00000000000000,  0.04750499001720
 -0.00000000000000,  1.01115931527549
 -0.00818076577211, -0.00000000000000
 -0.01156934990551, -0.00000000000000
  0.00818076577211, -0.00000000000000
 -0.00000000000000,  0.03681271728300
  0.00000000000000,  0.00577598817450
 -0.00000000000000,  0.03005745779623
  0.00000000000000, -0.00577598817450
  0.00000000000000,  0.03681271728300
 -0.00000000000000,  1.01115931527549
 -0.00818076577211,  0.00818076577211
  0.00000000000000,  0.00000000000000
  0.00818076577211,  0.00818076577211
  0.00577066809799, -0.00000000000000
 -0.00000000000000,  0.00000000000000
  0.00000000000000, -0.06011491559245
 -0.00000000000000, -0.00000000000000
 -0.00577066809799, -0.00000000000000
 -0.00000000000000,  1.02976899890652
 -0.00630981379922,  0.00630981379922
 -0.00892342425090, -0.00000000000000
  0.00630981379922,  0.00630981379922
  0.00422266402137,  0.00000000000000
  0.00422266402137,  0.00422798382148
 -0.00000000000000,  0.00000000000000
  0.00422266402137, -0.00422798382148
 -0.00422266402137,  0.00000000000000
 -0.57994195144437,  0.00000000000000
  0.00000000000000, -0.00000000000000
  0.00000000000000,  0.00000000000000
 -0.00000000000000, -0.00000000000000
 -0.00000000000000,  0.00000000000000
  0.00000000000000, -0.00000000000000
 -0.00000000000000,  0.00000000000000
 -0.00000000000000, -0.00000000000000
 -0.00000000000000, -0.00000000000000
 -3.31124593341035,  0.00000000000000
  0.00000000000000, -0.00000000000000
  1.69400494774510,  0.00000000000000
 -0.00000000000000, -0.00000000000000
 -0.00000000000000,  0.00000000000000
 -0.00000000000000, -0.00000000000000
 -2.61137222560446,  0.00000000000000
  0.00000000000000, -0.00000000000000
 -0.00000000000000, -0.00000000000000
 -3.31124593341035,  0.00000000000000
 -0.00000000000000, -1.19784238591412
 -0.00000000000000,  0.00000000000000
  0.00000000000000, -1.19784238591412
  1.59913237030176, -0.00000000000000
 -0.00000000000000, -0.00000000000000
  1.30568611280223,  0.00000000000000
  0.00000000000000, -0.00000000000000
  1.59913237030176,  0.00000000000000
 -2.17579837102422,  0.00000000000000
 -0.00000000000000,  1.64606919178268
 -2.32789337562358,  0.00000000000000
  0.00000000000000,  1.64606919178268
  0.42602238457500,  0.00000000000000
 -0.00000000000000,  1.74649659545960
 -0.34784582040417,  0.00000000000000
  0.00000000000000,  1.74649659545960
  0.42602238457500, -0.00000000000000
 -3.31124593341035,  0.00000000000000
  1.19784238591412,  0.00000000000000
 -0.00000000000000,  0.00000000000000
 -1.19784238591412,  0.00000000000000
 -1.59913237030176, -0.00000000000000
  0.00000000000000, -0.00000000000000
  1.30568611280223,  0.00000000000000
 -0.00000000000000, -0.00000000000000
 -1.59913237030176,  0.00000000000000
 -2.17579837102422,  0.00000000000000
 -1.64606919178268, -0.00000000000000
 -2.32789337562358,  0.00000000000000
  1.64606919178268, -0.00000000000000
 -0.42602238457500,  0.00000000000000
 -1.74648985356880,  0.00000000000000
 -0.34784582040417,  0.00000000000000
  1.74648985356880,  0.00000000000000
 -0.42602238457500, -0.00000000000000
 -2.17579837102422,  0.00000000000000
 -1.64606919178268,  1.64606919178268
 -0.00000000000000,  0.00000000000000
  1.64606919178268,  1.64606919178268
 -0.00000000000000,  1.74649659545960
 -0.00000000000000,  0.00000000000000
  0.69569164080834,  0.00000000000000
  0.00000000000000,  0.00000000000000
 -0.00000000000000, -1.74649659545960
  1.53464685759596,  0.00000000000000
  0.42804394036997, -0.42804394036997
  0.60534554576283,  0.00000000000000
 -0.42804394036997, -0.42804394036997
  0.00000000000000, -0.51892650764682
  0.51893324917251, -0.51892650764682
 -0.00000000000000,  0.00000000000000
 -0.51893324917251, -0.51892650764682
  0.00000000000000,  0.51892650764682
 -0.57994195144437,  0.00000000000000
  0.00000000000000, -0.00000000000000
  0.00000000000000,  0.00000000000000
 -0.00000000000000, -0.00000000000000
 -0.00000000000000,  0.00000000000000
  0.00000000000000, -0.00000000000000
 -0.00000000000000,  0.00000000000000
 -0.00000000000000, -0.00000000000000
 -0.00000000000000, -0.00000000000000
  5.74336081418769,  0.00000000000000
  0.00000000000000, -0.00000000000000
 -7.53335946727159,  0.00000000000000
 -0.00000000000000, -0.00000000000000
  0.00000000000000,  0.00000000000000
 -0.00000000000000,  0.00000000000000
  6.45901923841348,  0.00000000000000
  0.00000000000000,  0.00000000000000
  0.00000000000000, -0.00000000000000
  5.74336081418768,  0.00000000000000
  0.00000000000000,  5.32688956442362
  0.00000000000000,  0.00000000000000
 -0.00000000000000,  5.32688956442362
 -3.95532534323327,  0.00000000000000
  0.00000000000000,  0.00000000000000
 -3.22950961920674,  0.00000000000000
 -0.00000000000000,  0.00000000000000
 -3.95532534323327, -0.00000000000000
  5.22443253465592,  0.00000000000000
  0.00000000000000, -2.25219530619560
  3.18508514713484,  0.00000000000000
 -0.00000000000000, -2.25219530619560
 -1.84792315059743, -0.00000000000000
  0.00000000000000, -2.70717856377084
  1.50882293427999,  0.00000000000000
 -0.00000000000000, -2.70717856377084
 -1.84792315059743,  0.00000000000000
  5.74336081418768,  0.00000000000000
 -5.32688956442362, -0.00000000000000
  0.00000000000000,  0.00000000000000
  5.32688956442362, -0.00000000000000
  3.95532534323327,  0.00000000000000
 -0.00000000000000, -0.00000000000000
 -3.22950961920674,  0.00000000000000
  0.00000000000000, -0.00000000000000
  3.95532534323327, -0.00000000000000
  5.22443253465592,  0.00000000000000
  2.25219530619560, -0.00000000000000
  3.18508514713484,  0.00000000000000
 -2.25219530619560, -0.00000000000000
  1.84792315059743,  0.00000000000000
  2.70718784230571, -0.00000000000000
  1.50882293427999,  0.00000000000000
 -2.70718784230571, -0.00000000000000
  1.84792315059743, -0.00000000000000
  5.22443253465593,  0.00000000000000
  2.25219530619560, -2.25219530619560
  0.00000000000000,  0.00000000000000
 -2.25219530619560, -2.25219530619560
  0.00000000000000, -2.70717856377084
  0.00000000000000, -0.00000000000000
 -3.01764586855998,  0.00000000000000
 -0.00000000000000, -0.00000000000000
  0.00000000000000,  2.70717856377084
  0.71133970986397,  0.00000000000000
  0.15675497664053, -0.15675497664053
  0.22168501393451,  0.00000000000000
 -0.15675497664053, -0.15675497664053
  0.00000000000000, -0.14544797050734
  0.14545724853120, -0.14544797050734
 -0.00000000000000,  0.00000000000000
 -0.14545724853120, -0.14544797050734
  0.00000000000000,  0.14544797050734
  3.02154412665388,  0.00000000000000
  0.00000000000000, -0.00000000000000
  0.00000000000000,  0.00000000000000
 -0.00000000000000, -0.00000000000000
 -0.00000000000000,  0.00000000000000
  0.00000000000000,  0.00000000000000
 -0.00000000000000,  0.00000000000000
 -0.00000000000000,  0.00000000000000
 -0.00000000000000, -0.00000000000000
  0.81897992896803,  0.00000000000000
  0.00000000000000, -0.00000000000000
  0.05891593536294,  0.00000000000000
 -0.00000000000000, -0.00000000000000
  0.00000000000000,  0.00000000000000
  0.00000000000000,  0.00000000000000
 -0.32812121684210,  0.00000000000000
 -0.00000000000000,  0.00000000000000
  0.00000000000000, -0.00000000000000
  0.81897992896803,  0.00000000000000
  0.00000000000000, -0.04165985741509
  0.00000000000000,  0.00000000000000
 -0.00000000000000, -0.04165985741509
  0.20093238876106,  0.00000000000000
  0.00000000000000,  0.00000000000000
  0.16406060842105,  0.00000000000000
 -0.00000000000000,  0.00000000000000
  0.20093238876106, -0.00000000000000
 -0.09533520549108,  0.00000000000000
 -0.00000000000000, -0.03932099685529
  0.05560828703878,  0.00000000000000
  0.00000000000000, -0.03932099685529
  0.26348309955453, -0.00000000000000
  0.00000000000000, -0.05154526136986
 -0.21513304991851,  0.00000000000000
 -0.00000000000000, -0.05154526136986
  0.26348309955453,  0.00000000000000
  0.81897992896803,  0.00000000000000
  0.04165985741509, -0.00000000000000
  0.00000000000000,  0.00000000000000
 -0.04165985741509, -0.00000000000000
 -0.20093238876106,  0.00000000000000
 -0.00000000000000,  0.00000000000000
  0.16406060842105,  0.00000000000000
  0.00000000000000,  0.00000000000000
 -0.20093238876106, -0.00000000000000
 -0.09533520549108,  0.00000000000000
  0.03932099685529,  0.00000000000000
  0.05560828703878,  0.00000000000000
 -0.03932099685529,  0.00000000000000
 -0.26348309955453, -0.00000000000000
  0.05154854337628,  0.00000000000000
 -0.21513304991851,  0.00000000000000
 -0.05154854337628,  0.00000000000000
 -0.26348309955453,  0.00000000000000
 -0.09533520549108,  0.00000000000000
  0.03932099685529, -0.03932099685529
  0.00000000000000,  0.00000000000000
 -0.03932099685529, -0.03932099685529
  0.00000000000000, -0.05154526136986
  0.00000000000000, -0.00000000000000
  0.43026609983703,  0.00000000000000
 -0.00000000000000, -0.00000000000000
  0.00000000000000,  0.05154526136986
 -2.08693294589190,  0.00000000000000
  0.11700332879048, -0.11700332879048
  0.16546769441829,  0.00000000000000
 -0.11700332879048, -0.11700332879048
  0.00000000000000, -0.15174449602719
  0.15174777785545, -0.15174449602719
 -0.00000000000000,  0.00000000000000
 -0.15174777785545, -0.15174449602719
  0.00000000000000,  0.15174449602719
  3.02154412665388,  0.00000000000000
  0.00000000000000, -0.00000000000000
  0.00000000000000,  0.00000000000000
 -0.00000000000000, -0.00000000000000
 -0.00000000000000,  0.00000000000000
  0.00000000000000,  0.00000000000000
 -0.00000000000000,  0.00000000000000
 -0.00000000000000,  0.00000000000000
 -0.00000000000000, -0.00000000000000
  0.78269658662048,  0.00000000000000
  0.00000000000000, -0.00000000000000
  0.09794311875199,  0.00000000000000
 -0.00000000000000, -0.00000000000000
 -0.00000000000000,  0.00000000000000
  0.00000000000000,  0.00000000000000
 -0.33935557006720,  0.00000000000000
 -0.00000000000000,  0.00000000000000
 -0.00000000000000, -0.00000000000000
  0.78269658662048,  0.00000000000000
  0.00000000000000, -0.06925624344009
 -0.00000000000000,  0.00000000000000
 -0.00000000000000, -0.06925624344009
  0.20781199700899, -0.00000000000000
  0.00000000000000,  0.00000000000000
  0.16967778503360,  0.00000000000000
 -0.00000000000000,  0.00000000000000
  0.20781199700899,  0.00000000000000
 -0.21091118776961,  0.00000000000000
 -0.00000000000000, -0.07716052116793
  0.10912145551547,  0.00000000000000
  0.00000000000000, -0.07716052116793
  0.28864988067336,  0.00000000000000
  0.00000000000000, -0.01459843414266
 -0.23568164065500,  0.00000000000000
 -0.00000000000000, -0.01459843414266
  0.28864988067336, -0.00000000000000
  0.78269658662048,  0.00000000000000
  0.06925624344009, -0.00000000000000
  0.00000000000000,  0.00000000000000
 -0.06925624344009, -0.00000000000000
 -0.20781199700899,  0.00000000000000
 -0.00000000000000, -0.00000000000000
  0.16967778503360,  0.00000000000000
  0.00000000000000, -0.00000000000000
 -0.20781199700899, -0.00000000000000
 -0.21091118776961,  0.00000000000000
  0.07716052116793, -0.00000000000000
  0.10912145551547,  0.00000000000000
 -0.07716052116793, -0.00000000000000
 -0.28864988067336, -0.00000000000000
  0.01460145985639, -0.00000000000000
 -0.23568164065500,  0.00000000000000
 -0.01460145985639, -0.00000000000000
 -0.28864988067336,  0.00000000000000
 -0.21091118776961,  0.00000000000000
  0.07716052116793, -0.07716052116793
  0.00000000000000,  0.00000000000000
 -0.07716052116793, -0.07716052116793
  0.00000000000000, -0.01459843414266
  0.00000000000000,  0.00000000000000
  0.47136328130999,  0.00000000000000
 -0.00000000000000,  0.00000000000000
  0.00000000000000,  0.01459843414266
 -3.36016929792571,  0.00000000000000
  0.46565505922959, -0.46565505922959
  0.65853570015013,  0.00000000000000
 -0.46565505922959, -0.46565505922959
  0.00000000000000,  0.03278135218003
 -0.03277832664313,  0.03278135218003
  0.00000000000000,  0.00000000000000
  0.03277832664313,  0.03278135218003
  0.00000000000000, -0.03278135218003
 -0.55792533571504,  0.00000000000000
 -0.00000000000000,  0.00000000000000
 -0.00000000000000,  0.00000000000000
  0.00000000000000,  0.00000000000000
 -0.00000000000000, -0.00000000000000
 -0.00000000000000,  0.00000000000000
  0.00000000000000,  0.00000000000000
  0.00000000000000,  0.00000000000000
 -0.00000000000000,  0.00000000000000
 -5.46785509884082,  0.00000000000000
 -0.00000000000000,  0.00000000000000
  1.13240183364159,  0.00000000000000
  0.00000000000000,  0.00000000000000
  0.00000000000000, -0.00000000000000
  0.00000000000000, -0.00000000000000
  1.17543815269535,  0.00000000000000
 -0.00000000000000, -0.00000000000000
  0.00000000000000,  0.00000000000000
 -5.46785509884081,  0.00000000000000
 -0.00000000000000, -0.80072901559605
  0.00000000000000,  0.00000000000000
  0.00000000000000, -0.80072901559605
 -0.71980592457581, -0.00000000000000
 -0.00000000000000, -0.00000000000000
 -0.58771907634767,  0.00000000000000
  0.00000000000000, -0.00000000000000
 -0.71980592457581,  0.00000000000000
  2.54138800355766,  0.00000000000000
  0.00000000000000, -0.25198336766127
  0.35635829603902,  0.00000000000000
 -0.00000000000000, -0.25198336766127
  0.89582509333955, -0.00000000000000
 -0.00000000000000, -0.19595228983962
 -0.73143812582100,  0.00000000000000
  0.00000000000000, -0.19595228983962
  0.89582509333955,  0.00000000000000
 -5.46785509884081,  0.00000000000000
  0.80072901559605, -0.00000000000000
 -0.00000000000000,  0.00000000000000
 -0.80072901559605, -0.00000000000000
  0.71980592457581, -0.00000000000000
  0.00000000000000, -0.00000000000000
 -0.58771907634767,  0.00000000000000
 -0.00000000000000, -0.00000000000000
  0.71980592457581,  0.00000000000000
  2.54138800355766,  0.00000000000000
  0.25198336766127, -0.00000000000000
  0.35635829603902,  0.00000000000000
 -0.25198336766127, -0.00000000000000
 -0.89582509333955, -0.00000000000000
  0.19595524720259, -0.00000000000000
 -0.73143812582100,  0.00000000000000
 -0.19595524720259, -0.00000000000000
 -0.89582509333955,  0.00000000000000
  2.54138800355767,  0.00000000000000
  0.25198336766127, -0.25198336766127
 -0.00000000000000,  0.00000000000000
 -0.25198336766127, -0.25198336766127
  0.00000000000000, -0.19595228983963
  0.00000000000000, -0.00000000000000
  1.46287625164201,  0.00000000000000
 -0.00000000000000, -0.00000000000000
  0.00000000000000,  0.19595228983963
 -0.33601760317654,  0.00000000000000
  0.03309124472152, -0.03309124472152
  0.04679808708098,  0.00000000000000
 -0.03309124472152, -0.03309124472152
  0.00000000000000, -0.03538670479326
  0.03538966199265, -0.03538670479326
  0.00000000000000,  0.00000000000000
 -0.03538966199265, -0.03538670479326
  0.00000000000000,  0.03538670479326
 -0.55792533571504,  0.00000000000000
 -0.00000000000000,  0.00000000000000
 -0.00000000000000,  0.00000000000000
  0.00000000000000,  0.00000000000000
 -0.00000000000000, -0.00000000000000
 -0.00000000000000,  0.00000000000000
  0.00000000000000,  0.00000000000000
  0.00000000000000,  0.00000000000000
 -0.00000000000000,  0.00000000000000
-761.08751143081895,  0.00000000000000
 -0.00000000000002,  0.00000000000002
364.25162269975590,  0.00000000000000
  0.00000000000002,  0.00000000000002
  0.00000000000002, -0.00000000000002
  0.00000000000001, -0.00000000000001
117.40595479982822,  0.00000000000000
 -0.00000000000001, -0.00000000000001
  0.00000000000002,  0.00000000000002
-761.08751143081770,  0.00000000000000
 -0.00000000000002,-257.56479246920145
  0.00000000000008,  0.00000000000000
  0.00000000000002,-257.56479246920145
-71.89617050596139,  0.00000000000001
  0.00000000000000,  0.00000000000001
-58.70297739991441,  0.00000000000000
 -0.00000000000000,  0.00000000000001
-71.89617050596139, -0.00000000000001
  2.54183838048389,  0.00000000000000
  0.00000000000000, -0.35356484363313
  0.50001619704430,  0.00000000000000
 -0.00000000000000, -0.35356484363313
  0.93164892029079, -0.00000000000000
 -0.00000000000000, -0.18503803370177
 -0.76068815804243,  0.00000000000000
  0.00000000000000, -0.18503803370177
  0.93164892029079,  0.00000000000000
-761.08751143081736,  0.00000000000000
257.56479246920145, -0.00000000000001
  0.00000000000002,  0.00000000000000
-257.56479246920145, -0.00000000000001
 71.89617050596139, -0.00000000000001
  0.00000000000001, -0.00000000000000
-58.70297739991435,  0.00000000000000
 -0.00000000000001, -0.00000000000000
 71.89617050596139,  0.00000000000001
  2.54183838048389,  0.00000000000000
  0.35356484363313, -0.00000000000000
  0.50001619704430,  0.00000000000000
 -0.35356484363313, -0.00000000000000
 -0.93164892029078, -0.00000000000000
  0.18504049183961, -0.00000000000000
 -0.76068815804243,  0.00000000000000
 -0.18504049183961, -0.00000000000000
 -0.93164892029078,  0.00000000000000
  2.54183838048389,  0.00000000000000
  0.35356484363313, -0.35356484363313
 -0.00000000000000,  0.00000000000000
 -0.35356484363313, -0.35356484363313
  0.00000000000000, -0.18503803370177
  0.00000000000000, -0.00000000000000
  1.52137631608486,  0.00000000000000
 -0.00000000000000, -0.00000000000000
  0.00000000000000,  0.18503803370177
 -0.47998812118784,  0.00000000000000
  0.06589475463534, -0.06589475463534
  0.09318925569454,  0.00000000000000
 -0.06589475463534, -0.06589475463534
 -0.00000000000000, -0.01375339276996
  0.01375585075848, -0.01375339276996
  0.00000000000000,  0.00000000000000
 -0.01375585075848, -0.01375339276996
 -0.00000000000000,  0.01375339276996
